<?xml version="1.0" encoding="UTF-8"?>
<!-- Generated by org.testng.reporters.JUnitReportReporter -->
<testsuite skipped="0" hostname="LAPTOP-1BEDVP8K" name="com.qa.test.DemoTest" tests="4" failures="0" timestamp="16 May 2018 08:01:04 GMT" time="0.008" errors="0">
  <testcase name="sum" time="0.000" classname="com.qa.test.DemoTest"/>
  <testcase name="sub" time="0.000" classname="com.qa.test.DemoTest"/>
  <testcase name="div" time="0.008" classname="com.qa.test.DemoTest"/>
  <testcase name="mul" time="0.000" classname="com.qa.test.DemoTest"/>
</testsuite> <!-- com.qa.test.DemoTest -->
